<?xml version="1.0" encoding="UTF-8"?>
<testsuite xmlns:xsi="http://www.w3.org/2001/XMLSchema-instance" xsi:noNamespaceSchemaLocation="https://maven.apache.org/surefire/maven-surefire-plugin/xsd/surefire-test-report-3.0.xsd" version="3.0" name="TestShapes" time="0.134" tests="5" errors="0" skipped="0" failures="0">
  <properties>
[...]
</properties>
  <testcase name="testCircleArea" classname="TestShapes" time="0.016"/>
  <testcase name="testHexagonArea" classname="TestShapes" time="0.0"/>
  <testcase name="testLargestAreaComparison" classname="TestShapes" time="0.0"/>
  <testcase name="testTriangleArea" classname="TestShapes" time="0.0"/>
  <testcase name="testSquareArea" classname="TestShapes" time="0.0"/>
</testsuite>